c:\users\vicqory\source\repos\createindex\createindex\debug\vc141.pdb
c:\users\vicqory\source\repos\createindex\createindex\debug\vc141.idb
c:\users\vicqory\source\repos\createindex\createindex\debug\createindex.obj
c:\users\vicqory\source\repos\createindex\createindex\debug\mybufferwriter.obj
c:\users\vicqory\source\repos\createindex\createindex\debug\mybufferreader.obj
c:\users\vicqory\source\repos\createindex\createindex\debug\myhashtable.obj
c:\users\vicqory\source\repos\createindex\createindex\debug\mypagereader.obj
c:\users\vicqory\source\repos\createindex\createindex\debug\myfilewriter.obj
c:\users\vicqory\source\repos\createindex\createindex\debug\myfilereader.obj
c:\users\vicqory\source\repos\createindex\createindex\debug\createindex.pch
c:\users\vicqory\source\repos\createindex\createindex\debug\pch.obj
c:\users\vicqory\source\repos\createindex\createindex\debug\varbyte.obj
c:\users\vicqory\source\repos\createindex\createindex\debug\invertedlistmanager.obj
c:\users\vicqory\source\repos\createindex\createindex\debug\myinvertedindex.obj
c:\users\vicqory\source\repos\createindex\createindex\debug\myinvertedlist.obj
c:\users\vicqory\source\repos\createindex\createindex\debug\invertedindexmanager.obj
d:\space\code2\search engine\createindex\debug\createindex.pch
d:\space\code2\search engine\createindex\debug\vc141.pdb
d:\space\code2\search engine\createindex\debug\vc141.idb
d:\space\code2\search engine\createindex\debug\pch.obj
d:\space\code2\search engine\createindex\debug\varbyte.obj
d:\space\code2\search engine\createindex\debug\mypagereader.obj
d:\space\code2\search engine\createindex\debug\myinvertedlist.obj
d:\space\code2\search engine\createindex\debug\myhashtable.obj
d:\space\code2\search engine\createindex\debug\myfilewriter.obj
d:\space\code2\search engine\createindex\debug\myfilereader.obj
d:\space\code2\search engine\createindex\debug\mybufferwriter.obj
d:\space\code2\search engine\createindex\debug\mybufferreader.obj
d:\space\code2\search engine\createindex\debug\invertedindexmanager.obj
d:\space\code2\search engine\createindex\debug\createindex.obj
c:\users\vicqory\source\repos\createindex\debug\createindex.exe
c:\users\vicqory\source\repos\createindex\debug\createindex.ilk
c:\users\vicqory\source\repos\createindex\debug\createindex.pdb
d:\space\code2\search engine\debug\createindex.exe
d:\space\code2\search engine\debug\createindex.ilk
d:\space\code2\search engine\debug\createindex.pdb
d:\space\code2\search engine\createindex\debug\invertedlistmanager.obj
d:\space\code2\search engine\createindex\debug\myinvertedindex.obj
d:\space\code2\search engine\createindex\debug\mybufferreader.obj.enc
d:\space\code2\search engine\createindex\debug\mypagereader.obj.enc
d:\space\code2\search engine\createindex\debug\createindex.tlog\cl.command.1.tlog
d:\space\code2\search engine\createindex\debug\createindex.tlog\cl.read.1.tlog
d:\space\code2\search engine\createindex\debug\createindex.tlog\cl.write.1.tlog
d:\space\code2\search engine\createindex\debug\createindex.tlog\link.command.1.tlog
d:\space\code2\search engine\createindex\debug\createindex.tlog\link.read.1.tlog
d:\space\code2\search engine\createindex\debug\createindex.tlog\link.write.1.tlog
