d:\space\code2\search engine\createindex\release\createindex.pch
d:\space\code2\search engine\createindex\release\vc141.pdb
d:\space\code2\search engine\createindex\release\pch.obj
d:\space\code2\search engine\createindex\release\varbyte.obj
d:\space\code2\search engine\createindex\release\mypagereader.obj
d:\space\code2\search engine\createindex\release\myinvertedlist.obj
d:\space\code2\search engine\createindex\release\myhashtable.obj
d:\space\code2\search engine\createindex\release\myfilewriter.obj
d:\space\code2\search engine\createindex\release\myfilereader.obj
d:\space\code2\search engine\createindex\release\mybufferreader.obj
d:\space\code2\search engine\createindex\release\invertedindexmanager.obj
d:\space\code2\search engine\createindex\release\createindex.obj
d:\space\code2\search engine\createindex\release\mybufferwriter.obj
d:\space\code2\search engine\release\createindex.ipdb
d:\space\code2\search engine\release\createindex.iobj
d:\space\code2\search engine\release\createindex.exe
d:\space\code2\search engine\release\createindex.pdb
d:\space\code2\search engine\createindex\release\createindex.tlog\cl.command.1.tlog
d:\space\code2\search engine\createindex\release\createindex.tlog\cl.read.1.tlog
d:\space\code2\search engine\createindex\release\createindex.tlog\cl.write.1.tlog
d:\space\code2\search engine\createindex\release\createindex.tlog\createindex.write.1u.tlog
d:\space\code2\search engine\createindex\release\createindex.tlog\link.command.1.tlog
d:\space\code2\search engine\createindex\release\createindex.tlog\link.read.1.tlog
d:\space\code2\search engine\createindex\release\createindex.tlog\link.write.1.tlog
